1. pwd		Present working directory
2. vi		Vi editor can alos use nano
3. touch	Create a file
4. mkdir	Make a directory
5. rm		remove file rmdir to remove directory
6. ls		Directory listing
7. echo		Show variable eg PATH
8. cat		display contents of file (also head, tail, more, less)
9. who		Which users are on the system
10.cd		Change directory
11.date		Currebt Date - in local format
12.cal		Calendar showing date
13.mv		Move or rename a file
14.cp		Copy a file 
15.which	Shows location of command you are running in case multiple versions are installed 


All command run below and captured.

[root@centos1 MyFiles]# clear
[root@centos1 MyFiles]# pwd
/root/MyFiles
[root@centos1 MyFiles]# ls
myfile.txt
[root@centos1 MyFiles]# vi myfile.xtx
"myfile.xtx" [New File]~                                                                   INSERT 
This is line1
Line 2
Line 3
This is the las line
:wq
"myfile.xtx" [New] 4L, 50C written


[root@centos1 MyFiles]# ls
myfile.txt  myfile.xtx

[root@centos1 MyFiles]# touch myMyFile2.txt
[root@centos1 MyFiles]# touch MyFile2.rem
[root@centos1 MyFiles]# ls
MyFile2.rem  MyFile2.txt  myfile.txt  myfile.xtx

[root@centos1 MyFiles]# rm MyFile2.rem
rm: remove regular empty file MyFile2.rem? y
[root@centos1 MyFiles]# ls
MyFile2.txt  myfile.txt  myfile.xtx

[root@centos1 MyFiles]# echo $PATH
/usr/local/sbin:/usr/local/bin:/usr/sbin:/usr/bin:/root/bin


[root@centos1 MyFiles]# cayt mtyfile.xtx
This is line 1
Line 2
Line 3
This is the las line

[root@centos1 MyFiles]# who
root     tty1         2017-08-18 12:41
root     pts/0        2017-08-18 14:59 (dunkie-tablet.home)


[root@centos1 MyFiles]# cd ..
[root@centos1 ~]# ls
anaconda-ks.cfg  Files  MyFiles  MyFiles2  newfile.txt
[root@centos1 ~]# cd Files


[root@centos1 Files]# date
Sun 20 Aug 14:28:14 BST 2017


[root@centos1 Files]# cal
     August 2017    
Mo Tu We Th Fr Sa Su
    1  2  3  4  5  6
 7  8  9 10 11 12 13
14 15 16 17 18 19 20
21 22 23 24 25 26 27
28 29 30 31

[root@centos1 Files]# ls
movedfile.txt  newfile.txt
[root@centos1 Files]# pwd
/root/Files
[root@centos1 Files]# mv ./newfile.txt ../MyFiles

[root@centos1 Files]# ls ../MyfilesilesFiles
MyFile2.txt  myfile.txt  myfile.xtx  newfile.txt


[root@centos1 Files]# cd ../MyFiles
[root@centos1 MyFiles]# ls
MyFile2.txt  myfile.txt  myfile.xtx  newfile.txt

[root@centos1 MyFiles]# lscd ../MyFileslsmv myfile.xtx myfilemv.txt
[root@centos1 MyFiles]# mv myfile.xtx myfilemv.txtlscd ../MyFileslsmv myfile.xtx myfilemv.txtls ../MyFilesfilesmv ./newfile.txt ../MyFilespwdlscaldatecd Fileslscd ..whocat myfile.xtxlscat myfile.xtxmv.txt
This is line 1
Line 2
Line 3
This is the las line

[root@centos1 MyFiles]# tail myfilemv.txt 
This is line 1
Line 2
Line 3
This is the las line

[root@centos1 MyFiles]# head myfilemv.txt head -2
This is line 1
Line 2

[root@centos1 MyFiles]# 44which athead -2  myfilemv.txt which cat
/usr/bin/cat

[root@centos1 MyFiles]# which vi
/usr/bin/vi


[root@centos1 /]#find -name myfilemv.txt
./root/MyFiles/myfilemv.txt
